<?xml version="1.0" encoding="UTF-8"?>
<!-- Generated by org.testng.reporters.JUnitReportReporter -->
<testsuite hostname="JAVA" name="Auto.MProj.NewTest" tests="1" failures="0" timestamp="19 Sep 2014 02:23:22 GMT" time="17.344" errors="0">
  <testcase name="f" time="17.344" classname="Auto.MProj.NewTest"/>
</testsuite> <!-- Auto.MProj.NewTest -->
