<?xml version="1.0" encoding="UTF-8"?>
<!-- Generated by org.testng.reporters.JUnitReportReporter -->
<testsuite hostname="JAVA" name="Auto.MProj.ExcelsheetHandling" tests="1" failures="0" timestamp="18 Sep 2014 05:41:25 GMT" time="0.468" errors="0">
  <testcase name="f" time="0.468" classname="Auto.MProj.ExcelsheetHandling"/>
</testsuite> <!-- Auto.MProj.ExcelsheetHandling -->
