<?xml version="1.0" encoding="UTF-8"?>
<!-- Generated by org.testng.reporters.JUnitReportReporter -->
<testsuite hostname="JAVA" name="Auto.MProj.GetPropertyFile" tests="1" failures="0" timestamp="18 Sep 2014 02:53:37 GMT" time="36.423" errors="0">
  <testcase name="f" time="36.423" classname="Auto.MProj.GetPropertyFile"/>
</testsuite> <!-- Auto.MProj.GetPropertyFile -->
