<?xml version="1.0" encoding="UTF-8"?>
<!-- Generated by org.testng.reporters.JUnitReportReporter -->
<testsuite hostname="JAVA" name="Auto.MProj.MavenClass" tests="1" failures="0" timestamp="16 Sep 2014 23:24:50 GMT" time="69.455" errors="0">
  <testcase name="firstRun" time="69.455" classname="Auto.MProj.MavenClass"/>
</testsuite> <!-- Auto.MProj.MavenClass -->
